<?xml version="1.0" encoding="UTF-8"?>
<testsuite name="com.breakabletoy.BreakableToy02.BreakableToy02ApplicationTests" tests="1" skipped="0" failures="0" errors="0" timestamp="2025-02-23T20:35:29" hostname="MacBookPro.izzigo.tv" time="0.86">
  <properties/>
  <testcase name="contextLoads()" classname="com.breakabletoy.BreakableToy02.BreakableToy02ApplicationTests" time="0.86"/>
  <system-out><![CDATA[14:35:27.792 [Test worker] INFO org.springframework.test.context.support.AnnotationConfigContextLoaderUtils -- Could not detect default configuration classes for test class [com.breakabletoy.BreakableToy02.BreakableToy02ApplicationTests]: BreakableToy02ApplicationTests does not declare any static, non-private, non-final, nested classes annotated with @Configuration.
14:35:27.898 [Test worker] INFO org.springframework.boot.test.context.SpringBootTestContextBootstrapper -- Found @SpringBootConfiguration com.breakabletoy.BreakableToy02.BreakableToy02Application for test class com.breakabletoy.BreakableToy02.BreakableToy02ApplicationTests

  .   ____          _            __ _ _
 /\\ / ___'_ __ _ _(_)_ __  __ _ \ \ \ \
( ( )\___ | '_ | '_| | '_ \/ _` | \ \ \ \
 \\/  ___)| |_)| | | | | || (_| |  ) ) ) )
  '  |____| .__|_| |_|_| |_\__, | / / / /
 =========|_|==============|___/=/_/_/_/

 :: Spring Boot ::                (v3.4.3)

2025-02-23T14:35:28.273-06:00  INFO 40436 --- [BreakableToy02] [    Test worker] c.b.B.BreakableToy02ApplicationTests     : Starting BreakableToy02ApplicationTests using Java 21.0.6 with PID 40436 (started by andres.gonzalez in /Users/andres.gonzalez/Desktop/BreakableToy02)
2025-02-23T14:35:28.274-06:00  INFO 40436 --- [BreakableToy02] [    Test worker] c.b.B.BreakableToy02ApplicationTests     : No active profile set, falling back to 1 default profile: "default"
2025-02-23T14:35:29.211-06:00  INFO 40436 --- [BreakableToy02] [    Test worker] c.b.B.BreakableToy02ApplicationTests     : Started BreakableToy02ApplicationTests in 1.18 seconds (process running for 2.444)
]]></system-out>
  <system-err><![CDATA[Mockito is currently self-attaching to enable the inline-mock-maker. This will no longer work in future releases of the JDK. Please add Mockito as an agent to your build what is described in Mockito's documentation: https://javadoc.io/doc/org.mockito/mockito-core/latest/org/mockito/Mockito.html#0.3
WARNING: A Java agent has been loaded dynamically (/Users/andres.gonzalez/.gradle/caches/modules-2/files-2.1/net.bytebuddy/byte-buddy-agent/1.15.11/a38b16385e867f59a641330f0362ebe742788ed8/byte-buddy-agent-1.15.11.jar)
WARNING: If a serviceability tool is in use, please run with -XX:+EnableDynamicAgentLoading to hide this warning
WARNING: If a serviceability tool is not in use, please run with -Djdk.instrument.traceUsage for more information
WARNING: Dynamic loading of agents will be disallowed by default in a future release
]]></system-err>
</testsuite>
