<?xml version="1.0" encoding="UTF-8"?>
<testsuite name="com.breakabletoy.BreakableToy02.BreakableToy02ApplicationTests" tests="9" skipped="0" failures="0" errors="0" timestamp="2025-03-03T18:18:25" hostname="ENCEDCCDMLT0346.local" time="2.104">
  <properties/>
  <testcase name="testSpotifyCallback()" classname="com.breakabletoy.BreakableToy02.BreakableToy02ApplicationTests" time="1.841"/>
  <testcase name="testGetArtistInfo()" classname="com.breakabletoy.BreakableToy02.BreakableToy02ApplicationTests" time="0.051"/>
  <testcase name="testGetTopArtists()" classname="com.breakabletoy.BreakableToy02.BreakableToy02ApplicationTests" time="0.02"/>
  <testcase name="testGetArtistAlbums()" classname="com.breakabletoy.BreakableToy02.BreakableToy02ApplicationTests" time="0.018"/>
  <testcase name="testGetTopTracks()" classname="com.breakabletoy.BreakableToy02.BreakableToy02ApplicationTests" time="0.018"/>
  <testcase name="testSearchSpotify()" classname="com.breakabletoy.BreakableToy02.BreakableToy02ApplicationTests" time="0.02"/>
  <testcase name="testGetAlbumInfo()" classname="com.breakabletoy.BreakableToy02.BreakableToy02ApplicationTests" time="0.019"/>
  <testcase name="testInitiateSpotifyLogin()" classname="com.breakabletoy.BreakableToy02.BreakableToy02ApplicationTests" time="0.094"/>
  <testcase name="testGetPlaylistInfo()" classname="com.breakabletoy.BreakableToy02.BreakableToy02ApplicationTests" time="0.017"/>
  <system-out><![CDATA[12:18:27.285 [Test worker] INFO org.springframework.mock.web.MockServletContext -- Initializing Spring TestDispatcherServlet ''
12:18:27.287 [Test worker] INFO org.springframework.test.web.servlet.TestDispatcherServlet -- Initializing Servlet ''
12:18:27.290 [Test worker] INFO org.springframework.test.web.servlet.TestDispatcherServlet -- Completed initialization in 2 ms
12:18:27.430 [Test worker] INFO org.springframework.mock.web.MockServletContext -- Initializing Spring TestDispatcherServlet ''
12:18:27.430 [Test worker] INFO org.springframework.test.web.servlet.TestDispatcherServlet -- Initializing Servlet ''
12:18:27.430 [Test worker] INFO org.springframework.test.web.servlet.TestDispatcherServlet -- Completed initialization in 0 ms
12:18:27.482 [Test worker] INFO org.springframework.mock.web.MockServletContext -- Initializing Spring TestDispatcherServlet ''
12:18:27.482 [Test worker] INFO org.springframework.test.web.servlet.TestDispatcherServlet -- Initializing Servlet ''
12:18:27.482 [Test worker] INFO org.springframework.test.web.servlet.TestDispatcherServlet -- Completed initialization in 0 ms
12:18:27.502 [Test worker] INFO org.springframework.mock.web.MockServletContext -- Initializing Spring TestDispatcherServlet ''
12:18:27.502 [Test worker] INFO org.springframework.test.web.servlet.TestDispatcherServlet -- Initializing Servlet ''
12:18:27.502 [Test worker] INFO org.springframework.test.web.servlet.TestDispatcherServlet -- Completed initialization in 0 ms
12:18:27.520 [Test worker] INFO org.springframework.mock.web.MockServletContext -- Initializing Spring TestDispatcherServlet ''
12:18:27.520 [Test worker] INFO org.springframework.test.web.servlet.TestDispatcherServlet -- Initializing Servlet ''
12:18:27.520 [Test worker] INFO org.springframework.test.web.servlet.TestDispatcherServlet -- Completed initialization in 0 ms
12:18:27.538 [Test worker] INFO org.springframework.mock.web.MockServletContext -- Initializing Spring TestDispatcherServlet ''
12:18:27.539 [Test worker] INFO org.springframework.test.web.servlet.TestDispatcherServlet -- Initializing Servlet ''
12:18:27.539 [Test worker] INFO org.springframework.test.web.servlet.TestDispatcherServlet -- Completed initialization in 0 ms
12:18:27.558 [Test worker] INFO org.springframework.mock.web.MockServletContext -- Initializing Spring TestDispatcherServlet ''
12:18:27.558 [Test worker] INFO org.springframework.test.web.servlet.TestDispatcherServlet -- Initializing Servlet ''
12:18:27.558 [Test worker] INFO org.springframework.test.web.servlet.TestDispatcherServlet -- Completed initialization in 0 ms
12:18:27.575 [Test worker] INFO org.springframework.mock.web.MockServletContext -- Initializing Spring TestDispatcherServlet ''
12:18:27.576 [Test worker] INFO org.springframework.test.web.servlet.TestDispatcherServlet -- Initializing Servlet ''
12:18:27.576 [Test worker] INFO org.springframework.test.web.servlet.TestDispatcherServlet -- Completed initialization in 0 ms
12:18:27.670 [Test worker] INFO org.springframework.mock.web.MockServletContext -- Initializing Spring TestDispatcherServlet ''
12:18:27.671 [Test worker] INFO org.springframework.test.web.servlet.TestDispatcherServlet -- Initializing Servlet ''
12:18:27.671 [Test worker] INFO org.springframework.test.web.servlet.TestDispatcherServlet -- Completed initialization in 0 ms
]]></system-out>
  <system-err><![CDATA[Mockito is currently self-attaching to enable the inline-mock-maker. This will no longer work in future releases of the JDK. Please add Mockito as an agent to your build what is described in Mockito's documentation: https://javadoc.io/doc/org.mockito/mockito-core/latest/org/mockito/Mockito.html#0.3
WARNING: A Java agent has been loaded dynamically (/Users/andres.gonzalez/.gradle/caches/modules-2/files-2.1/net.bytebuddy/byte-buddy-agent/1.15.11/a38b16385e867f59a641330f0362ebe742788ed8/byte-buddy-agent-1.15.11.jar)
WARNING: If a serviceability tool is in use, please run with -XX:+EnableDynamicAgentLoading to hide this warning
WARNING: If a serviceability tool is not in use, please run with -Djdk.instrument.traceUsage for more information
WARNING: Dynamic loading of agents will be disallowed by default in a future release
]]></system-err>
</testsuite>
